# JRE version: Java(TM) SE Runtime Environment (8.0_172-b11) (build 1.8.0_172-b11)
# Java VM: Java HotSpot(TM) 64-Bit Server VM (25.172-b11 mixed mode windows-amd64 compressed oops)
Heap:
 PSYoungGen      total 37376K, used 24770K [0x00000000eb380000, 0x00000000eee00000, 0x0000000100000000)
  eden space 31232K, 67% used [0x00000000eb380000,0x00000000ec83ce68,0x00000000ed200000)
  from space 6144K, 57% used [0x00000000ed200000,0x00000000ed573c08,0x00000000ed800000)
  to   space 5632K, 0% used [0x00000000ee880000,0x00000000ee880000,0x00000000eee00000)
 ParOldGen       total 25088K, used 4257K [0x00000000c1a00000, 0x00000000c3280000, 0x00000000eb380000)
  object space 25088K, 16% used [0x00000000c1a00000,0x00000000c1e28518,0x00000000c3280000)
 Metaspace       used 25113K, capacity 25870K, committed 25984K, reserved 1071104K
  class space    used 3222K, capacity 3418K, committed 3456K, reserved 1048576K
GC Heap History (10 events):
Event: 15.410 GC heap before
{Heap before GC invocations=6 (full 0):
 PSYoungGen      total 18944K, used 18928K [0x00000000eb380000, 0x00000000ece80000, 0x0000000100000000)
  eden space 16384K, 100% used [0x00000000eb380000,0x00000000ec380000,0x00000000ec380000)
  from space 2560K, 99% used [0x00000000ec380000,0x00000000ec5fc030,0x00000000ec600000)
  to   space 5632K, 0% used [0x00000000ec900000,0x00000000ec900000,0x00000000ece80000)
 ParOldGen       total 44032K, used 6027K [0x00000000c1a00000, 0x00000000c4500000, 0x00000000eb380000)
  object space 44032K, 13% used [0x00000000c1a00000,0x00000000c1fe2e28,0x00000000c4500000)
 Metaspace       used 17844K, capacity 18370K, committed 18560K, reserved 1064960K
  class space    used 2289K, capacity 2418K, committed 2432K, reserved 1048576K
Event: 15.422 GC heap after
Heap after GC invocations=6 (full 0):
 PSYoungGen      total 21504K, used 5115K [0x00000000eb380000, 0x00000000ecf80000, 0x0000000100000000)
  eden space 15872K, 0% used [0x00000000eb380000,0x00000000eb380000,0x00000000ec300000)
  from space 5632K, 90% used [0x00000000ec900000,0x00000000ecdfedb8,0x00000000ece80000)
  to   space 6144K, 0% used [0x00000000ec300000,0x00000000ec300000,0x00000000ec900000)
 ParOldGen       total 44032K, used 6035K [0x00000000c1a00000, 0x00000000c4500000, 0x00000000eb380000)
  object space 44032K, 13% used [0x00000000c1a00000,0x00000000c1fe4e28,0x00000000c4500000)
 Metaspace       used 17844K, capacity 18370K, committed 18560K, reserved 1064960K
  class space    used 2289K, capacity 2418K, committed 2432K, reserved 1048576K
}
Event: 16.219 GC heap before
{Heap before GC invocations=7 (full 0):
 PSYoungGen      total 21504K, used 20987K [0x00000000eb380000, 0x00000000ecf80000, 0x0000000100000000)
  eden space 15872K, 100% used [0x00000000eb380000,0x00000000ec300000,0x00000000ec300000)
  from space 5632K, 90% used [0x00000000ec900000,0x00000000ecdfedb8,0x00000000ece80000)
  to   space 6144K, 0% used [0x00000000ec300000,0x00000000ec300000,0x00000000ec900000)
 ParOldGen       total 44032K, used 6035K [0x00000000c1a00000, 0x00000000c4500000, 0x00000000eb380000)
  object space 44032K, 13% used [0x00000000c1a00000,0x00000000c1fe4e28,0x00000000c4500000)
 Metaspace       used 20152K, capacity 20660K, committed 20992K, reserved 1067008K
  class space    used 2598K, capacity 2741K, committed 2816K, reserved 1048576K
Event: 16.231 GC heap after
Heap after GC invocations=7 (full 0):
 PSYoungGen      total 22016K, used 3942K [0x00000000eb380000, 0x00000000edd80000, 0x0000000100000000)
  eden space 15872K, 0% used [0x00000000eb380000,0x00000000eb380000,0x00000000ec300000)
  from space 6144K, 64% used [0x00000000ec300000,0x00000000ec6d98f8,0x00000000ec900000)
  to   space 5632K, 0% used [0x00000000ed800000,0x00000000ed800000,0x00000000edd80000)
 ParOldGen       total 44032K, used 7371K [0x00000000c1a00000, 0x00000000c4500000, 0x00000000eb380000)
  object space 44032K, 16% used [0x00000000c1a00000,0x00000000c2132db0,0x00000000c4500000)
 Metaspace       used 20152K, capacity 20660K, committed 20992K, reserved 1067008K
  class space    used 2598K, capacity 2741K, committed 2816K, reserved 1048576K
}
Event: 16.287 GC heap before
{Heap before GC invocations=8 (full 0):
 PSYoungGen      total 22016K, used 5058K [0x00000000eb380000, 0x00000000edd80000, 0x0000000100000000)
  eden space 15872K, 7% used [0x00000000eb380000,0x00000000eb497248,0x00000000ec300000)
  from space 6144K, 64% used [0x00000000ec300000,0x00000000ec6d98f8,0x00000000ec900000)
  to   space 5632K, 0% used [0x00000000ed800000,0x00000000ed800000,0x00000000edd80000)
 ParOldGen       total 44032K, used 7371K [0x00000000c1a00000, 0x00000000c4500000, 0x00000000eb380000)
  object space 44032K, 16% used [0x00000000c1a00000,0x00000000c2132db0,0x00000000c4500000)
 Metaspace       used 20603K, capacity 21114K, committed 21248K, reserved 1067008K
  class space    used 2649K, capacity 2806K, committed 2816K, reserved 1048576K
Event: 16.298 GC heap after
Heap after GC invocations=8 (full 0):
 PSYoungGen      total 36864K, used 1296K [0x00000000eb380000, 0x00000000ede80000, 0x0000000100000000)
  eden space 31232K, 0% used [0x00000000eb380000,0x00000000eb380000,0x00000000ed200000)
  from space 5632K, 23% used [0x00000000ed800000,0x00000000ed944010,0x00000000edd80000)
  to   space 6144K, 0% used [0x00000000ed200000,0x00000000ed200000,0x00000000ed800000)
 ParOldGen       total 44032K, used 8200K [0x00000000c1a00000, 0x00000000c4500000, 0x00000000eb380000)
  object space 44032K, 18% used [0x00000000c1a00000,0x00000000c22022f0,0x00000000c4500000)
 Metaspace       used 20603K, capacity 21114K, committed 21248K, reserved 1067008K
  class space    used 2649K, capacity 2806K, committed 2816K, reserved 1048576K
}
Event: 16.298 GC heap before
{Heap before GC invocations=9 (full 1):
 PSYoungGen      total 36864K, used 1296K [0x00000000eb380000, 0x00000000ede80000, 0x0000000100000000)
  eden space 31232K, 0% used [0x00000000eb380000,0x00000000eb380000,0x00000000ed200000)
  from space 5632K, 23% used [0x00000000ed800000,0x00000000ed944010,0x00000000edd80000)
  to   space 6144K, 0% used [0x00000000ed200000,0x00000000ed200000,0x00000000ed800000)
 ParOldGen       total 44032K, used 8200K [0x00000000c1a00000, 0x00000000c4500000, 0x00000000eb380000)
  object space 44032K, 18% used [0x00000000c1a00000,0x00000000c22022f0,0x00000000c4500000)
 Metaspace       used 20603K, capacity 21114K, committed 21248K, reserved 1067008K
  class space    used 2649K, capacity 2806K, committed 2816K, reserved 1048576K
Event: 16.368 GC heap after
Heap after GC invocations=9 (full 1):
 PSYoungGen      total 36864K, used 0K [0x00000000eb380000, 0x00000000ede80000, 0x0000000100000000)
  eden space 31232K, 0% used [0x00000000eb380000,0x00000000eb380000,0x00000000ed200000)
  from space 5632K, 0% used [0x00000000ed800000,0x00000000ed800000,0x00000000edd80000)
  to   space 6144K, 0% used [0x00000000ed200000,0x00000000ed200000,0x00000000ed800000)
 ParOldGen       total 25088K, used 4185K [0x00000000c1a00000, 0x00000000c3280000, 0x00000000eb380000)
  object space 25088K, 16% used [0x00000000c1a00000,0x00000000c1e16508,0x00000000c3280000)
 Metaspace       used 20603K, capacity 21114K, committed 21248K, reserved 1067008K
  class space    used 2649K, capacity 2806K, committed 2816K, reserved 1048576K
}
Event: 18.385 GC heap before
{Heap before GC invocations=10 (full 1):
 PSYoungGen      total 36864K, used 31232K [0x00000000eb380000, 0x00000000ede80000, 0x0000000100000000)
  eden space 31232K, 100% used [0x00000000eb380000,0x00000000ed200000,0x00000000ed200000)
  from space 5632K, 0% used [0x00000000ed800000,0x00000000ed800000,0x00000000edd80000)
  to   space 6144K, 0% used [0x00000000ed200000,0x00000000ed200000,0x00000000ed800000)
 ParOldGen       total 25088K, used 4185K [0x00000000c1a00000, 0x00000000c3280000, 0x00000000eb380000)
  object space 25088K, 16% used [0x00000000c1a00000,0x00000000c1e16508,0x00000000c3280000)
 Metaspace       used 23237K, capacity 23904K, committed 24192K, reserved 1071104K
  class space    used 2965K, capacity 3137K, committed 3200K, reserved 1048576K
Event: 18.400 GC heap after
Heap after GC invocations=10 (full 1):
 PSYoungGen      total 37376K, used 3535K [0x00000000eb380000, 0x00000000eee00000, 0x0000000100000000)
  eden space 31232K, 0% used [0x00000000eb380000,0x00000000eb380000,0x00000000ed200000)
  from space 6144K, 57% used [0x00000000ed200000,0x00000000ed573c08,0x00000000ed800000)
  to   space 5632K, 0% used [0x00000000ee880000,0x00000000ee880000,0x00000000eee00000)
 ParOldGen       total 25088K, used 4257K [0x00000000c1a00000, 0x00000000c3280000, 0x00000000eb380000)
  object space 25088K, 16% used [0x00000000c1a00000,0x00000000c1e28518,0x00000000c3280000)
 Metaspace       used 23237K, capacity 23904K, committed 24192K, reserved 1071104K
  class space    used 2965K, capacity 3137K, committed 3200K, reserved 1048576K
}

